<?xml version="1.0" encoding="UTF-8"?>
<testng-results ignored="0" total="1" passed="1" failed="0" skipped="0">
  <reporter-output>
  </reporter-output>
  <suite started-at="2023-02-01T00:57:40 CET" name="All Test Suite" finished-at="2023-02-01T00:57:40 CET" duration-ms="344">
    <groups>
      <group name="cucumber">
        <method signature="AbstractTestNGCucumberTests.runScenario(io.cucumber.testng.PickleWrapper,io.cucumber.testng.FeatureWrapper)[pri:0, instance:Runners.Run@353d0772]" name="runScenario" class="io.cucumber.testng.AbstractTestNGCucumberTests"/>
      </group> <!-- cucumber -->
    </groups>
    <test started-at="2023-02-01T00:57:40 CET" name="C:/Users/mahrez saidi/IdeaProjects/CucumberDemo" finished-at="2023-02-01T00:57:40 CET" duration-ms="344">
      <class name="Runners.Run">
        <test-method is-config="true" signature="setUpClass(org.testng.ITestContext)[pri:0, instance:Runners.Run@353d0772]" started-at="2023-02-01T00:57:40 CET" name="setUpClass" finished-at="2023-02-01T00:57:40 CET" duration-ms="211" status="PASS">
          <params>
            <param index="0">
              <value>
                <![CDATA[org.testng.TestRunner@600b90df]]>
              </value>
            </param>
          </params>
          <reporter-output>
          </reporter-output>
        </test-method> <!-- setUpClass -->
        <test-method signature="runScenario(io.cucumber.testng.PickleWrapper,io.cucumber.testng.FeatureWrapper)[pri:0, instance:Runners.Run@353d0772]" started-at="2023-02-01T00:57:40 CET" name="runScenario" description="Runs Cucumber Scenarios" data-provider="scenarios" finished-at="2023-02-01T00:57:40 CET" duration-ms="78" status="PASS">
          <params>
            <param index="0">
              <value>
                <![CDATA["User should be ab le  to login with valid  credentials"]]>
              </value>
            </param>
            <param index="1">
              <value>
                <![CDATA["Web Login"]]>
              </value>
            </param>
          </params>
          <reporter-output>
          </reporter-output>
        </test-method> <!-- runScenario -->
        <test-method is-config="true" signature="tearDownClass()[pri:0, instance:Runners.Run@353d0772]" started-at="2023-02-01T00:57:40 CET" name="tearDownClass" finished-at="2023-02-01T00:57:40 CET" duration-ms="16" status="PASS">
          <reporter-output>
          </reporter-output>
        </test-method> <!-- tearDownClass -->
      </class> <!-- Runners.Run -->
    </test> <!-- C:/Users/mahrez saidi/IdeaProjects/CucumberDemo -->
  </suite> <!-- All Test Suite -->
</testng-results>
